<?xml version="1.0" encoding="UTF-8"?>
<!-- Generated by org.testng.reporters.JUnitXMLReporter -->
<testsuite ignored="0" hostname="DESKTOP-B5KISTR" failures="0" tests="5" name="Default test" time="206.209" errors="0" timestamp="2021-02-11T11:44:00 IST">
  <testcase classname="com.qa.guruBank.TestCases.AddNewCustomerTest" name="titleTest" time="1.029"/>
  <testcase classname="com.qa.guruBank.TestCases.AddNewCustomerTest" name="NewCustomerLogoTest" time="0.787"/>
  <testcase classname="com.qa.guruBank.TestCases.AddNewCustomerTest" name="AddCustomerTest" time="8.788"/>
  <testcase classname="com.qa.guruBank.TestCases.AddNewCustomerTest" name="AddCustomerTest" time="12.307"/>
  <testcase classname="com.qa.guruBank.TestCases.AddNewCustomerTest" name="AddCustomerTest" time="7.895"/>
</testsuite> <!-- Default test -->
