<?xml version="1.0" encoding="UTF-8"?>
<testng-results ignored="0" total="5" passed="5" failed="0" skipped="0">
  <reporter-output>
  </reporter-output>
  <suite started-at="2021-02-11T11:40:31 IST" name="Default suite" finished-at="2021-02-11T11:43:58 IST" duration-ms="206209">
    <groups>
    </groups>
    <test started-at="2021-02-11T11:40:31 IST" name="Default test" finished-at="2021-02-11T11:43:58 IST" duration-ms="206209">
      <class name="com.qa.guruBank.TestCases.AddNewCustomerTest">
        <test-method is-config="true" signature="setUp()[pri:0, instance:com.qa.guruBank.TestCases.AddNewCustomerTest@748741cb]" started-at="2021-02-11T11:40:31 IST" name="setUp" finished-at="2021-02-11T11:41:03 IST" duration-ms="31436" status="PASS">
          <reporter-output>
          </reporter-output>
        </test-method> <!-- setUp -->
        <test-method signature="titleTest()[pri:0, instance:com.qa.guruBank.TestCases.AddNewCustomerTest@748741cb]" started-at="2021-02-11T11:41:03 IST" name="titleTest" finished-at="2021-02-11T11:41:04 IST" duration-ms="1029" status="PASS">
          <reporter-output>
          </reporter-output>
        </test-method> <!-- titleTest -->
        <test-method is-config="true" signature="setUp()[pri:0, instance:com.qa.guruBank.TestCases.AddNewCustomerTest@748741cb]" started-at="2021-02-11T11:41:04 IST" name="setUp" finished-at="2021-02-11T11:41:20 IST" duration-ms="15989" status="PASS">
          <reporter-output>
          </reporter-output>
        </test-method> <!-- setUp -->
        <test-method signature="NewCustomerLogoTest()[pri:1, instance:com.qa.guruBank.TestCases.AddNewCustomerTest@748741cb]" started-at="2021-02-11T11:41:20 IST" name="NewCustomerLogoTest" finished-at="2021-02-11T11:41:21 IST" duration-ms="787" status="PASS">
          <reporter-output>
          </reporter-output>
        </test-method> <!-- NewCustomerLogoTest -->
        <test-method is-config="true" signature="setUp()[pri:0, instance:com.qa.guruBank.TestCases.AddNewCustomerTest@748741cb]" started-at="2021-02-11T11:41:33 IST" name="setUp" finished-at="2021-02-11T11:42:03 IST" duration-ms="30218" status="PASS">
          <reporter-output>
          </reporter-output>
        </test-method> <!-- setUp -->
        <test-method signature="AddCustomerTest(java.lang.String, java.lang.String, java.lang.String, java.lang.String, java.lang.String, java.lang.String, java.lang.String, java.lang.String, java.lang.String)[pri:2, instance:com.qa.guruBank.TestCases.AddNewCustomerTest@748741cb]" started-at="2021-02-11T11:42:03 IST" name="AddCustomerTest" data-provider="getnewCustomerData" finished-at="2021-02-11T11:42:12 IST" duration-ms="8788" status="PASS">
          <params>
            <param index="0">
              <value>
                <![CDATA[RamaRaju]]>
              </value>
            </param>
            <param index="1">
              <value>
                <![CDATA[05-Aug-1983]]>
              </value>
            </param>
            <param index="2">
              <value>
                <![CDATA[Hyderabad]]>
              </value>
            </param>
            <param index="3">
              <value>
                <![CDATA[Hyderabad]]>
              </value>
            </param>
            <param index="4">
              <value>
                <![CDATA[Telangana]]>
              </value>
            </param>
            <param index="5">
              <value>
                <![CDATA[500051.0]]>
              </value>
            </param>
            <param index="6">
              <value>
                <![CDATA[64648.0]]>
              </value>
            </param>
            <param index="7">
              <value>
                <![CDATA[raju1@gmail.com]]>
              </value>
            </param>
            <param index="8">
              <value>
                <![CDATA[suri@123]]>
              </value>
            </param>
          </params>
          <reporter-output>
          </reporter-output>
        </test-method> <!-- AddCustomerTest -->
        <test-method is-config="true" signature="setUp()[pri:0, instance:com.qa.guruBank.TestCases.AddNewCustomerTest@748741cb]" started-at="2021-02-11T11:42:12 IST" name="setUp" finished-at="2021-02-11T11:42:49 IST" duration-ms="37282" status="PASS">
          <reporter-output>
          </reporter-output>
        </test-method> <!-- setUp -->
        <test-method signature="AddCustomerTest(java.lang.String, java.lang.String, java.lang.String, java.lang.String, java.lang.String, java.lang.String, java.lang.String, java.lang.String, java.lang.String)[pri:2, instance:com.qa.guruBank.TestCases.AddNewCustomerTest@748741cb]" started-at="2021-02-11T11:42:49 IST" name="AddCustomerTest" data-provider="getnewCustomerData" finished-at="2021-02-11T11:43:02 IST" duration-ms="12307" status="PASS">
          <params>
            <param index="0">
              <value>
                <![CDATA[Surendra]]>
              </value>
            </param>
            <param index="1">
              <value>
                <![CDATA[06-Aug-1983]]>
              </value>
            </param>
            <param index="2">
              <value>
                <![CDATA[Hyderabad]]>
              </value>
            </param>
            <param index="3">
              <value>
                <![CDATA[Hyderabad]]>
              </value>
            </param>
            <param index="4">
              <value>
                <![CDATA[Telangana]]>
              </value>
            </param>
            <param index="5">
              <value>
                <![CDATA[500051.0]]>
              </value>
            </param>
            <param index="6">
              <value>
                <![CDATA[64649.0]]>
              </value>
            </param>
            <param index="7">
              <value>
                <![CDATA[suri1@gmail.com]]>
              </value>
            </param>
            <param index="8">
              <value>
                <![CDATA[suri@123]]>
              </value>
            </param>
          </params>
          <reporter-output>
          </reporter-output>
        </test-method> <!-- AddCustomerTest -->
        <test-method is-config="true" signature="setUp()[pri:0, instance:com.qa.guruBank.TestCases.AddNewCustomerTest@748741cb]" started-at="2021-02-11T11:43:02 IST" name="setUp" finished-at="2021-02-11T11:43:49 IST" duration-ms="47505" status="PASS">
          <reporter-output>
          </reporter-output>
        </test-method> <!-- setUp -->
        <test-method signature="AddCustomerTest(java.lang.String, java.lang.String, java.lang.String, java.lang.String, java.lang.String, java.lang.String, java.lang.String, java.lang.String, java.lang.String)[pri:2, instance:com.qa.guruBank.TestCases.AddNewCustomerTest@748741cb]" started-at="2021-02-11T11:43:49 IST" name="AddCustomerTest" data-provider="getnewCustomerData" finished-at="2021-02-11T11:43:57 IST" duration-ms="7895" status="PASS">
          <params>
            <param index="0">
              <value>
                <![CDATA[Vikky]]>
              </value>
            </param>
            <param index="1">
              <value>
                <![CDATA[07-Aug-1983]]>
              </value>
            </param>
            <param index="2">
              <value>
                <![CDATA[Hyderabad]]>
              </value>
            </param>
            <param index="3">
              <value>
                <![CDATA[Hyderabad]]>
              </value>
            </param>
            <param index="4">
              <value>
                <![CDATA[Telangana]]>
              </value>
            </param>
            <param index="5">
              <value>
                <![CDATA[500051.0]]>
              </value>
            </param>
            <param index="6">
              <value>
                <![CDATA[64610.0]]>
              </value>
            </param>
            <param index="7">
              <value>
                <![CDATA[viki3@gmail.com]]>
              </value>
            </param>
            <param index="8">
              <value>
                <![CDATA[suri@124]]>
              </value>
            </param>
          </params>
          <reporter-output>
          </reporter-output>
        </test-method> <!-- AddCustomerTest -->
      </class> <!-- com.qa.guruBank.TestCases.AddNewCustomerTest -->
    </test> <!-- Default test -->
  </suite> <!-- Default suite -->
</testng-results>
